<?xml version="1.0" encoding="UTF-8"?>
<!-- Generated by org.testng.reporters.JUnitXMLReporter -->
<testsuite ignored="0" hostname="IND-48NG453" failures="1" tests="1" name="Validation" time="0.006" errors="0" timestamp="2021-03-14T21:57:36 IST">
  <testcase classname="TestCases.validation" name="validationTest" time="0.004">
    <failure type="java.lang.AssertionError" message="The following asserts failed:
	Not NULL expected object to not be null">
      <![CDATA[java.lang.AssertionError: The following asserts failed:
Not NULL expected object to not be null
at TestCases.validation.validationTest(validation.java:23)
at java.base/java.util.ArrayList.forEach(ArrayList.java:1541)
... Removed 30 stack frames]]>
    </failure>
  </testcase> <!-- validationTest -->
</testsuite> <!-- Validation -->
